Script started on Sat 22 Oct 2011 09:29:43 AM PDT
]0;hildj@uw1-320-20:~/ThreadOS[hildj@uw1-320-20 ThreadOS]$ java Boot
threadOS ver 1.0:
Type ? for help
threadOS: a new thread (thread=Thread[Thread-3,2,main] tid=0 pid=-1)
-->l MyShell
l MyShell
threadOS: a new thread (thread=Thread[Thread-5,2,main] tid=1 pid=0)
shell[1]% HelloWorld
HelloWorld
threadOS: a new thread (thread=Thread[Thread-7,2,main] tid=2 pid=1)
Hello, world
shell[2]% PingPong abc 100 & PingPong xyz 100 & PingPong 123 100 &
PingPong
threadOS: a new thread (thread=Thread[Thread-9,2,main] tid=3 pid=1)
PingPong
threadOS: a new thread (thread=Thread[Thread-11,2,main] tid=4 pid=1)
PingPong
threadOS: a new thread (thread=Thread[Thread-13,2,main] tid=5 pid=1)
shell[3]% abc abc abc abc abc abc abc abc abc abc xyz abc xyz abc xyz abc xyz abc xyz abc xyz abc xyz abc xyz abc xyz abc xyz abc 123 xyz abc 123 xyz abc 123 xyz abc 123 xyz abc 123 xyz abc 123 xyz abc 123 xyz abc 123 xyz abc 123 xyz abc 123 xyz abc 123 xyz abc 123 xyz abc 123 xyz abc 123 xyz abc 123 xyz abc 123 xyz abc 123 xyz abc 123 xyz abc 123 xyz abc 123 xyz abc 123 xyz abc 123 xyz abc 123 xyz abc 123 xyz abc 123 xyz abc 123 xyz abc 123 xyz abc 123 xyz abc 123 xyz abc 123 xyz abc 123 xyz abc 123 xyz abc 123 xyz abc 123 xyz abc 123 xyz abc 123 xyz abc 123 xyz abc 123 xyz abc 123 xyz abc 123 xyz abc 123 xyz abc 123 xyz abc 123 xyz abc 123 xyz abc 123 xyz abc 123 xyz abc 123 xyz abc 123 xyz abc 123 xyz abc 123 xyz abc 123 xyz abc 123 xyz abc 123 xyz abc 123 xyz abc 123 xyz abc 123 xyz abc 123 xyz abc 123 xyz abc 123 xyz abc 123 xyz abc 123 xyz abc 123 xyz abc 123 xyz abc 123 xyz abc 123 xyz abc 123 xyz abc 123 xyz abc 123 xyz abc 123 xyz abc 123 xyz abc 123 xyz abc 123 xyz abc 123 xyz abc 123 xyz abc 123 xyz abc 123 xyz abc 123 xyz abc 123 xyz abc 123 xyz abc 123 xyz abc 123 xyz 
123 xyz 123 xyz 123 xyz 123 xyz 123 xyz 123 xyz 123 xyz 123 xyz 123 xyz 123 
123 123 123 123 123 123 123 123 123 

shell[3]% PingPong abc 100 ; PingPong xyz 100 ; PingPong 123 100
PingPong
threadOS: a new thread (thread=Thread[Thread-15,2,main] tid=6 pid=1)
abc abc abc abc abc abc abc abc abc abc abc abc abc abc abc abc abc abc abc abc abc abc abc abc abc abc abc abc abc abc abc abc abc abc abc abc abc abc abc abc abc abc abc abc abc abc abc abc abc abc abc abc abc abc abc abc abc abc abc abc abc abc abc abc abc abc abc abc abc abc abc abc abc abc abc abc abc abc abc abc abc abc abc abc abc abc abc abc abc abc abc abc abc abc abc abc abc abc abc abc 
PingPong
threadOS: a new thread (thread=Thread[Thread-17,2,main] tid=7 pid=1)
xyz xyz xyz xyz xyz xyz xyz xyz xyz xyz xyz xyz xyz xyz xyz xyz xyz xyz xyz xyz xyz xyz xyz xyz xyz xyz xyz xyz xyz xyz xyz xyz xyz xyz xyz xyz xyz xyz xyz xyz xyz xyz xyz xyz xyz xyz xyz xyz xyz xyz xyz xyz xyz xyz xyz xyz xyz xyz xyz xyz xyz xyz xyz xyz xyz xyz xyz xyz xyz xyz xyz xyz xyz xyz xyz xyz xyz xyz xyz xyz xyz xyz xyz xyz xyz xyz xyz xyz xyz xyz xyz xyz xyz xyz xyz xyz xyz xyz xyz xyz 
PingPong
threadOS: a new thread (thread=Thread[Thread-19,2,main] tid=8 pid=1)
123 123 123 123 123 123 123 123 123 123 123 123 123 123 123 123 123 123 123 123 123 123 123 123 123 123 123 123 123 123 123 123 123 123 123 123 123 123 123 123 123 123 123 123 123 123 123 123 123 123 123 123 123 123 123 123 123 123 123 123 123 123 123 123 123 123 123 123 123 123 123 123 123 123 123 123 123 123 123 123 123 123 123 123 123 123 123 123 123 123 123 123 123 123 123 123 123 123 123 123 
shell[4]% exit
exit
-->q
q
Superblock synchronized
]0;hildj@uw1-320-20:~/ThreadOS[hildj@uw1-320-20 ThreadOS]$ exit

Script done on Sat 22 Oct 2011 09:31:49 AM PDT
