Script started on Sat 05 Nov 2011 10:35:04 AM PDT
]0;hildj@uw1-320-22:~/ThreadOS[hildj@uw1-320-22 ThreadOS]$ java Boot
threadOS ver 1.0:
Type ? for help
threadOS: a new thread (thread=Thread[Thread-3,2,main] tid=0 pid=-1)
-->l Test2c
l Test2c
threadOS: a new thread (thread=Thread[Thread-5,2,main] tid=1 pid=0)
19036: Thread[a]: submitted
threadOS: a new thread (thread=Thread[Thread-7,2,main] tid=2 pid=1)
19041: Thread[b]: submitted
threadOS: a new thread (thread=Thread[Thread-9,2,main] tid=3 pid=1)
19042: Thread[c]: submitted
threadOS: a new thread (thread=Thread[Thread-11,2,main] tid=4 pid=1)
19042: Thread[d]: submitted
threadOS: a new thread (thread=Thread[Thread-13,2,main] tid=5 pid=1)
19042: Thread[e]: submitted
threadOS: a new thread (thread=Thread[Thread-15,2,main] tid=6 pid=1)
23056: Thread[b]: response:  2994; wait:  3015; execution:  1000; turnaround:  4015
25553: Thread[e]: response:  6001; wait:  6011; execution:   500; turnaround:  6511
26102: Thread[c]: response:  3996; wait:  4060; execution:  3000; turnaround:  7060
26136: Thread[a]: response:  1996; wait:  2100; execution:  5000; turnaround:  7100
30162: Thread[d]: response:  4999; wait:  5120; execution:  6000; turnaround: 11120
Test2c finished; total time = 11134
-->q
q
Superblock synchronized
]0;hildj@uw1-320-22:~/ThreadOS[hildj@uw1-320-22 ThreadOS]$ exit

Script done on Sat 05 Nov 2011 10:35:35 AM PDT
