Script started on Thu 20 Oct 2011 05:19:26 PM PDT
]0;joemcc@uw1-320-19:~/ThreadOS[joemcc@uw1-320-19 ThreadOS]$ java Boot
threadOS ver 1.0:
Type ? for help
threadOS: a new thread (thread=Thread[Thread-3,2,main] tid=0 pid=-1)
-->l Shell
l Shell
threadOS: a new thread (thread=Thread[Thread-5,2,main] tid=1 pid=0)
shell[1]% 
shell[1]% asdf
asdf
java.lang.ClassNotFoundException: asdf
shell[2]% HelloWorld
HelloWorld
threadOS: a new thread (thread=Thread[Thread-7,2,main] tid=2 pid=1)
Hello, world
shell[3]% HelloWorld ; HelloWorld
HelloWorld
threadOS: a new thread (thread=Thread[Thread-9,2,main] tid=3 pid=1)
Hello, world
HelloWorld
threadOS: a new thread (thread=Thread[Thread-11,2,main] tid=4 pid=1)
Hello, world
shell[4]% HelloWorld & HelloWorld
HelloWorld
threadOS: a new thread (thread=Thread[Thread-13,2,main] tid=5 pid=1)
HelloWorld
threadOS: a new thread (thread=Thread[Thread-15,2,main] tid=6 pid=1)
Hello, world
Hello, world
shell[5]% HelloWorld ; HelloWorld &
HelloWorld
threadOS: a new thread (thread=Thread[Thread-17,2,main] tid=7 pid=1)
Hello, world
HelloWorld
threadOS: a new thread (thread=Thread[Thread-19,2,main] tid=8 pid=1)
shell[6]% Hello, world

shell[6]% PingPong
PingPong
java.lang.InstantiationException: PingPong
shell[7]% PingPong abc 100
PingPong
threadOS: a new thread (thread=Thread[Thread-21,2,main] tid=9 pid=1)
abc abc abc abc abc abc abc abc abc abc abc abc abc abc abc abc abc abc abc abc abc abc abc abc abc abc abc abc abc abc abc abc abc abc abc abc abc abc abc abc abc abc abc abc abc abc abc abc abc abc abc abc abc abc abc abc abc abc abc abc abc abc abc abc abc abc abc abc abc abc abc abc abc abc abc abc abc abc abc abc abc abc abc abc abc abc abc abc abc abc abc abc abc abc abc abc abc abc abc abc 
shell[8]% PingPong abc 100 ; PingPong xyz 50 ; PingPong 123 10
PingPong
threadOS: a new thread (thread=Thread[Thread-23,2,main] tid=10 pid=1)
abc abc abc abc abc abc abc abc abc abc abc abc abc abc abc abc abc abc abc abc abc abc abc abc abc abc abc abc abc abc abc abc abc abc abc abc abc abc abc abc abc abc abc abc abc abc abc abc abc abc abc abc abc abc abc abc abc abc abc abc abc abc abc abc abc abc abc abc abc abc abc abc abc abc abc abc abc abc abc abc abc abc abc abc abc abc abc abc abc abc abc abc abc abc abc abc abc abc abc abc 
PingPong
threadOS: a new thread (thread=Thread[Thread-25,2,main] tid=11 pid=1)
xyz xyz xyz xyz xyz xyz xyz xyz xyz xyz xyz xyz xyz xyz xyz xyz xyz xyz xyz xyz xyz xyz xyz xyz xyz xyz xyz xyz xyz xyz xyz xyz xyz xyz xyz xyz xyz xyz xyz xyz xyz xyz xyz xyz xyz xyz xyz xyz xyz xyz xyz xyz xyz xyz xyz xyz xyz xyz xyz xyz xyz xyz xyz xyz xyz xyz xyz xyz xyz xyz xyz xyz xyz xyz xyz xyz xyz xyz xyz xyz xyz xyz xyz xyz xyz xyz xyz xyz xyz xyz xyz xyz xyz xyz xyz xyz xyz xyz xyz xyz 
PingPong
threadOS: a new thread (thread=Thread[Thread-27,2,main] tid=12 pid=1)
123 123 123 123 123 123 123 123 123 123 123 123 123 123 123 123 123 123 123 123 123 123 123 123 123 123 123 123 123 123 123 123 123 123 123 123 123 123 123 123 123 123 123 123 123 123 123 123 123 123 123 123 123 123 123 123 123 123 123 123 123 123 123 123 123 123 123 123 123 123 123 123 123 123 123 123 123 123 123 123 123 123 123 123 123 123 123 123 123 123 123 123 123 123 123 123 123 123 123 123 
shell[9]% PingPong abc 100 ; PingPong xyz 50 ; PingPong 123 10 &
PingPong
threadOS: a new thread (thread=Thread[Thread-29,2,main] tid=13 pid=1)
abc abc abc abc abc abc abc abc abc abc abc abc abc abc abc abc abc abc abc abc abc abc abc abc abc abc abc abc abc abc abc abc abc abc abc abc abc abc abc abc abc abc abc abc abc abc abc abc abc abc abc abc abc abc abc abc abc abc abc abc abc abc abc abc abc abc abc abc abc abc abc abc abc abc abc abc abc abc abc abc abc abc abc abc abc abc abc abc abc abc abc abc abc abc abc abc abc abc abc abc 
PingPong
threadOS: a new thread (thread=Thread[Thread-31,2,main] tid=14 pid=1)
xyz xyz xyz xyz xyz xyz xyz xyz xyz xyz xyz xyz xyz xyz xyz xyz xyz xyz xyz xyz xyz xyz xyz xyz xyz xyz xyz xyz xyz xyz xyz xyz xyz xyz xyz xyz xyz xyz xyz xyz xyz xyz xyz xyz xyz xyz xyz xyz xyz xyz xyz xyz xyz xyz xyz xyz xyz xyz xyz xyz xyz xyz xyz xyz xyz xyz xyz xyz xyz xyz xyz xyz xyz xyz xyz xyz xyz xyz xyz xyz xyz xyz xyz xyz xyz xyz xyz xyz xyz xyz xyz xyz xyz xyz xyz xyz xyz xyz xyz xyz 
PingPong
threadOS: a new thread (thread=Thread[Thread-33,2,main] tid=15 pid=1)
shell[10]% 123 123 123 123 123 123 123 123 123 123 123 123 123 123 123 123 123 123 123 123 123 123 123 123 123 123 123 123 123 123 123 123 123 123 123 123 123 123 123 123 123 123 123 123 123 123 123 123 123 123 123 123 123 123 123 123 123 123 123 123 123 123 123 123 123 123 123 123 123 123 123 123 123 123 123 123 123 123 123 123 123 123 123 123 123 123 123 123 123 123 123 123 123 123 123 123 123 123 123 123 

shell[10]% PingPong abc 100 ; PingPong xyz 50 & PingPong 123 10
PingPong
threadOS: a new thread (thread=Thread[Thread-35,2,main] tid=16 pid=1)
abc abc abc abc abc abc abc abc abc abc abc abc abc abc abc abc abc abc abc abc abc abc abc abc abc abc abc abc abc abc abc abc abc abc abc abc abc abc abc abc abc abc abc abc abc abc abc abc abc abc abc abc abc abc abc abc abc abc abc abc abc abc abc abc abc abc abc abc abc abc abc abc abc abc abc abc abc abc abc abc abc abc abc abc abc abc abc abc abc abc abc abc abc abc abc abc abc abc abc abc 
PingPong
threadOS: a new thread (thread=Thread[Thread-37,2,main] tid=17 pid=1)
PingPong
threadOS: a new thread (thread=Thread[Thread-39,2,main] tid=18 pid=1)
xyz xyz xyz xyz xyz xyz xyz xyz xyz xyz xyz xyz xyz xyz xyz xyz xyz xyz xyz xyz 123 123 123 123 xyz 123 123 123 123 123 xyz 123 123 123 123 xyz 123 123 123 123 123 xyz 123 123 123 123 123 xyz 123 123 123 123 xyz 123 123 123 123 123 xyz 123 123 123 123 123 xyz 123 123 123 123 123 xyz 123 123 123 123 xyz 123 123 123 123 123 xyz 123 123 123 123 123 xyz 123 123 123 123 123 xyz 123 123 123 123 xyz 123 123 123 123 123 xyz 123 123 123 123 123 xyz 123 123 123 123 xyz 123 123 123 123 123 xyz 123 123 123 123 123 xyz 123 123 123 123 123 xyz 123 123 123 123 xyz 123 123 
shell[11]% xyz xyz xyz xyz xyz xyz xyz xyz xyz xyz xyz xyz xyz xyz xyz xyz xyz xyz xyz xyz xyz xyz xyz xyz xyz xyz xyz xyz xyz xyz xyz xyz xyz xyz xyz xyz xyz xyz xyz xyz xyz xyz xyz xyz xyz xyz xyz xyz xyz xyz xyz xyz xyz xyz xyz xyz xyz xyz xyz 

shell[11]% PingPong abc 100 ; PingPong xyz 50 & PingPong 123 10 &
PingPong
threadOS: a new thread (thread=Thread[Thread-41,2,main] tid=19 pid=1)
abc abc abc abc abc abc abc abc abc abc abc abc abc abc abc abc abc abc abc abc abc abc abc abc abc abc abc abc abc abc abc abc abc abc abc abc abc abc abc abc abc abc abc abc abc abc abc abc abc abc abc abc abc abc abc abc abc abc abc abc abc abc abc abc abc abc abc abc abc abc abc abc abc abc abc abc abc abc abc abc abc abc abc abc abc abc abc abc abc abc abc abc abc abc abc abc abc abc abc abc 
PingPong
threadOS: a new thread (thread=Thread[Thread-43,2,main] tid=20 pid=1)
PingPong
threadOS: a new thread (thread=Thread[Thread-45,2,main] tid=21 pid=1)
shell[12]% xyz xyz xyz xyz xyz xyz xyz xyz xyz xyz xyz xyz xyz xyz xyz xyz xyz xyz xyz xyz 123 123 123 123 123 xyz 123 123 123 123 xyz 123 123 123 123 123 xyz 123 123 123 123 xyz 123 123 123 123 123 xyz 123 123 123 123 xyz 123 123 123 123 xyz 123 123 123 123 123 xyz 123 123 123 123 xyz 123 123 123 123 123 xyz 123 123 123 123 xyz 123 123 123 123 123 xyz 123 123 123 123 xyz 123 123 123 123 xyz 123 123 123 123 123 xyz 123 123 123 123 xyz 123 123 123 123 123 xyz 123 123 123 123 xyz 123 123 123 123 xyz 123 123 123 123 123 xyz 123 123 123 123 xyz 123 123 123 123 123 xyz 123 123 
xyz xyz xyz xyz xyz xyz xyz xyz xyz xyz xyz xyz xyz xyz xyz xyz xyz xyz xyz xyz xyz xyz xyz xyz xyz xyz xyz xyz xyz xyz xyz xyz xyz xyz xyz xyz xyz xyz xyz xyz xyz xyz xyz xyz xyz xyz xyz xyz xyz xyz xyz xyz xyz xyz xyz xyz xyz xyz 

shell[12]% PingPong abc 100 & PingPong xyz 50 ; PingPong 123 10
PingPong
threadOS: a new thread (thread=Thread[Thread-47,2,main] tid=22 pid=1)
PingPong
threadOS: a new thread (thread=Thread[Thread-49,2,main] tid=23 pid=1)
abc abc abc abc abc abc abc abc abc abc abc xyz xyz abc xyz xyz abc xyz xyz abc xyz xyz abc xyz xyz abc xyz xyz abc xyz xyz abc xyz xyz abc xyz xyz abc xyz xyz abc xyz xyz abc xyz xyz abc xyz xyz abc xyz xyz abc xyz xyz abc xyz xyz abc xyz abc xyz xyz abc xyz xyz abc xyz xyz abc xyz xyz abc xyz xyz abc xyz xyz abc xyz xyz abc xyz xyz abc xyz xyz abc xyz xyz abc xyz xyz abc xyz xyz abc xyz xyz abc xyz xyz abc xyz xyz abc xyz xyz abc xyz xyz abc xyz xyz abc xyz xyz abc xyz xyz abc xyz abc xyz xyz abc xyz xyz abc xyz xyz abc xyz xyz abc xyz xyz abc xyz xyz abc xyz xyz abc xyz xyz abc xyz xyz abc xyz xyz abc xyz xyz abc xyz xyz abc xyz xyz abc 
PingPong
threadOS: a new thread (thread=Thread[Thread-51,2,main] tid=24 pid=1)
abc abc abc abc abc abc abc abc abc abc abc abc abc abc abc abc abc abc abc abc abc abc abc abc abc abc 123 123 123 123 123 123 abc 123 123 123 123 123 123 123 123 123 123 abc 123 123 123 123 123 123 123 123 123 abc 123 123 123 123 123 123 123 123 123 abc 123 123 123 123 123 123 123 123 123 abc 123 123 123 123 123 123 123 123 123 123 abc 123 123 123 123 123 123 123 123 123 abc 123 123 123 123 123 123 123 123 123 abc 123 123 123 123 123 123 123 123 123 abc 123 123 123 123 123 123 123 123 123 123 abc 123 123 123 123 123 123 123 123 123 abc 123 
shell[13]% abc 

shell[13]% PingPong abc 100 & PingPong xyz 50 ; PingPong 123 10 &
PingPong
threadOS: a new thread (thread=Thread[Thread-53,2,main] tid=25 pid=1)
PingPong
threadOS: a new thread (thread=Thread[Thread-55,2,main] tid=26 pid=1)
abc abc abc abc abc abc abc abc abc abc xyz abc xyz xyz abc xyz xyz abc xyz xyz abc xyz xyz abc xyz xyz abc xyz xyz abc xyz xyz abc xyz xyz abc xyz abc xyz xyz abc xyz xyz abc xyz xyz abc xyz xyz abc xyz xyz abc xyz xyz abc xyz xyz abc xyz xyz abc xyz xyz abc xyz xyz abc xyz xyz abc xyz xyz abc xyz xyz abc xyz xyz abc xyz xyz abc xyz xyz abc xyz xyz abc xyz xyz abc xyz xyz abc xyz xyz abc xyz xyz abc xyz xyz abc xyz xyz abc xyz xyz abc xyz xyz abc xyz xyz abc xyz xyz abc xyz abc xyz xyz abc xyz xyz abc xyz xyz abc xyz xyz abc xyz xyz abc xyz xyz abc xyz xyz abc xyz xyz abc xyz xyz abc xyz xyz abc xyz xyz abc xyz xyz abc xyz xyz abc xyz 
abc PingPong
threadOS: a new thread (thread=Thread[Thread-57,2,main] tid=27 pid=1)
shell[14]% abc abc abc abc abc abc abc abc abc abc abc abc abc abc abc abc abc abc abc abc abc abc abc abc abc abc abc 123 123 123 123 123 123 123 123 abc 123 123 123 123 123 123 123 123 abc 123 123 123 123 123 123 123 123 123 abc 123 123 123 123 123 123 123 123 123 123 abc 123 123 123 123 123 123 123 123 123 abc 123 123 123 123 123 123 123 123 123 abc 123 123 123 123 123 123 123 123 123 abc 123 123 123 123 123 123 123 123 123 123 abc 123 123 123 123 123 123 123 123 123 abc 123 123 123 123 123 123 123 123 123 abc 123 123 123 123 123 123 123 123 123 abc 123 


shell[14]% PingPong abc 100 & PingPong xyz 50 & PingPong 123 10
PingPong
threadOS: a new thread (thread=Thread[Thread-59,2,main] tid=28 pid=1)
PingPong
threadOS: a new thread (thread=Thread[Thread-61,2,main] tid=29 pid=1)
PingPong
threadOS: a new thread (thread=Thread[Thread-63,2,main] tid=30 pid=1)
abc abc abc abc abc abc abc abc abc abc xyz abc xyz xyz abc xyz xyz abc xyz xyz abc xyz xyz abc xyz xyz abc xyz xyz abc xyz xyz abc xyz xyz abc xyz xyz abc xyz 123 123 123 123 abc xyz 123 123 123 123 123 xyz 123 123 123 123 abc xyz 123 123 123 123 123 xyz 123 123 123 123 abc 123 xyz 123 123 123 123 123 xyz 123 123 123 123 abc xyz 123 123 123 123 123 xyz 123 123 123 123 abc 123 xyz 123 123 123 123 xyz 123 123 123 123 abc 123 xyz 123 123 123 123 123 xyz 123 123 123 abc 123 123 xyz 123 123 123 123 xyz 123 123 123 123 abc 123 xyz 123 123 123 123 123 xyz 123 123 123 abc 123 xyz 123 123 123 123 123 xyz 123 123 123 abc 123 123 xyz 123 123 123 123 xyz 123 123 123 abc 123 123 xyz 123 123 
shell[15]% xyz abc xyz xyz abc xyz xyz abc xyz xyz abc xyz xyz abc xyz xyz abc xyz xyz abc xyz xyz abc xyz xyz abc xyz xyz abc xyz xyz abc xyz xyz abc xyz xyz abc xyz xyz abc xyz xyz abc xyz xyz abc xyz abc xyz xyz abc xyz xyz abc xyz xyz abc xyz xyz abc xyz xyz abc xyz xyz abc xyz xyz abc xyz xyz abc xyz xyz abc xyz xyz abc xyz xyz abc xyz xyz abc xyz xyz abc xyz 
abc abc abc abc abc abc abc abc abc abc abc abc abc abc abc abc abc abc abc abc abc abc abc abc abc abc abc abc abc abc abc abc abc abc abc abc abc abc abc 

shell[15]% PingPong abc 100 & PingPong xyz 50 & PingPong 123 10 &
PingPong
threadOS: a new thread (thread=Thread[Thread-65,2,main] tid=31 pid=1)
PingPong
threadOS: a new thread (thread=Thread[Thread-67,2,main] tid=32 pid=1)
PingPong
threadOS: a new thread (thread=Thread[Thread-69,2,main] tid=33 pid=1)
shell[16]% abc abc abc abc abc abc abc abc abc abc xyz abc xyz xyz abc xyz xyz abc xyz xyz abc xyz xyz abc xyz xyz abc xyz xyz abc xyz abc xyz xyz abc xyz xyz abc xyz xyz 123 123 123 123 abc xyz 123 123 123 123 123 xyz 123 123 123 abc 123 xyz 123 123 123 123 xyz 123 123 123 123 abc 123 xyz 123 123 123 123 xyz 123 123 123 abc 123 xyz 123 123 123 123 123 xyz 123 123 123 abc 123 xyz 123 123 123 123 123 xyz 123 123 123 abc 123 123 xyz 123 123 123 123 xyz 123 123 123 abc 123 123 xyz 123 123 123 123 123 xyz 123 123 abc 123 123 xyz 123 123 123 123 123 xyz 123 123 abc 123 123 xyz 123 123 123 123 123 xyz 123 123 abc 123 123 xyz 123 123 123 123 xyz 123 123 123 abc 123 123 xyz 123 123 123 123 xyz 123 123 abc 
xyz xyz abc xyz xyz abc xyz xyz abc xyz xyz abc xyz xyz abc xyz xyz abc xyz xyz abc xyz abc xyz xyz abc xyz xyz abc xyz xyz abc xyz xyz abc xyz xyz abc xyz xyz abc xyz xyz abc xyz xyz abc xyz xyz abc xyz xyz abc xyz xyz abc xyz xyz abc xyz xyz abc xyz xyz abc xyz xyz abc xyz xyz abc xyz xyz abc xyz xyz abc xyz xyz abc xyz abc xyz xyz abc xyz xyz abc 
abc abc abc abc abc abc abc abc abc abc abc abc abc abc abc abc abc abc abc abc abc abc abc abc abc abc abc abc abc abc abc abc abc abc abc abc abc abc 

shell[16]% exit
exit
-->q
q
Superblock synchronized
]0;joemcc@uw1-320-19:~/ThreadOS[joemcc@uw1-320-19 ThreadOS]$ exit

Script done on Thu 20 Oct 2011 05:28:38 PM PDT
