Script started on Sat 05 Nov 2011 10:57:40 AM PDT
]0;hildj@uw1-320-22:~/ThreadOS[hildj@uw1-320-22 ThreadOS]$ java Boot
threadOS ver 1.0:
Type ? for help
threadOS: a new thread (thread=Thread[Thread-3,5,main] tid=0 pid=-1)
-->l Test2c
l Test2c
threadOS: a new thread (thread=Thread[Thread-5,5,main] tid=1 pid=0)
75472: Thread[a]: submitted
threadOS: a new thread (thread=Thread[Thread-7,5,main] tid=2 pid=1)
75477: Thread[b]: submitted
threadOS: a new thread (thread=Thread[Thread-9,5,main] tid=3 pid=1)
75478: Thread[c]: submitted
threadOS: a new thread (thread=Thread[Thread-11,5,main] tid=4 pid=1)
75478: Thread[d]: submitted
threadOS: a new thread (thread=Thread[Thread-13,5,main] tid=5 pid=1)
75479: Thread[e]: submitted
threadOS: a new thread (thread=Thread[Thread-15,5,main] tid=6 pid=1)
81985: Thread[e]: response:  5996; wait:  6006; execution:   500; turnaround:  6506
85483: Thread[b]: response:  2992; wait:  9006; execution:  1000; turnaround: 10006
96508: Thread[c]: response:  3993; wait: 18030; execution:  3000; turnaround: 21030
04524: Thread[a]: response:  1995; wait: 24052; execution:  5000; turnaround: 29052
08533: Thread[d]: response:  4995; wait: 27055; execution:  6000; turnaround: 33055
Test2c finished; total time = 34070
-->q
q
Superblock synchronized
]0;hildj@uw1-320-22:~/ThreadOS[hildj@uw1-320-22 ThreadOS]$ exit

Script done on Sat 05 Nov 2011 10:58:41 AM PDT
